[INFO] Scanning for projects...
[INFO] 
[INFO] ----------------------< com.cts:wishlist-service >----------------------
[INFO] Building wishlist-service 0.0.1-SNAPSHOT
[INFO]   from pom.xml
[INFO] --------------------------------[ jar ]---------------------------------
[INFO] 
[INFO] >>> spring-boot:3.2.4:run (default-cli) > test-compile @ wishlist-service >>>
[INFO] 
[INFO] --- resources:3.3.1:resources (default-resources) @ wishlist-service ---
[INFO] Copying 1 resource from src\main\resources to target\classes
[INFO] Copying 0 resource from src\main\resources to target\classes
[INFO] 
[INFO] --- compiler:3.11.0:compile (default-compile) @ wishlist-service ---
[INFO] Nothing to compile - all classes are up to date
[INFO] 
[INFO] --- resources:3.3.1:testResources (default-testResources) @ wishlist-service ---
[INFO] skip non existing resourceDirectory C:\Users\tejaj\Videos\git\movie-app\movie-backend\wishlist-service\src\test\resources
[INFO] 
[INFO] --- compiler:3.11.0:testCompile (default-testCompile) @ wishlist-service ---
[INFO] Nothing to compile - all classes are up to date
[INFO] 
[INFO] <<< spring-boot:3.2.4:run (default-cli) < test-compile @ wishlist-service <<<
[INFO] 
[INFO] 
[INFO] --- spring-boot:3.2.4:run (default-cli) @ wishlist-service ---
[INFO] Attaching agents: []

  .   ____          _            __ _ _
 /\\ / ___'_ __ _ _(_)_ __  __ _ \ \ \ \
( ( )\___ | '_ | '_| | '_ \/ _` | \ \ \ \
 \\/  ___)| |_)| | | | | || (_| |  ) ) ) )
  '  |____| .__|_| |_|_| |_\__, | / / / /
 =========|_|==============|___/=/_/_/_/
 :: Spring Boot ::                (v3.2.4)

2024-05-25T06:47:23.036+05:30  INFO 22448 --- [wishlist-service] [           main] [                                                 ] c.c.w.WishlistServiceApplication         : Starting WishlistServiceApplication using Java 22.0.1 with PID 22448 (C:\Users\tejaj\Videos\git\movie-app\movie-backend\wishlist-service\target\classes started by tejaj in C:\Users\tejaj\Videos\git\movie-app\movie-backend\wishlist-service)
2024-05-25T06:47:23.036+05:30  INFO 22448 --- [wishlist-service] [           main] [                                                 ] c.c.w.WishlistServiceApplication         : No active profile set, falling back to 1 default profile: "default"
2024-05-25T06:47:23.067+05:30  INFO 22448 --- [wishlist-service] [           main] [                                                 ] o.s.c.c.c.ConfigServerConfigDataLoader   : Fetching config from server at : http://localhost:8888/
2024-05-25T06:47:23.067+05:30  INFO 22448 --- [wishlist-service] [           main] [                                                 ] o.s.c.c.c.ConfigServerConfigDataLoader   : Located environment: name=wishlist-service, profiles=[default], label=null, version=e7d376071f0b96cb16cdc42ba05f422ec7ee5cdf, state=null
2024-05-25T06:47:23.787+05:30  INFO 22448 --- [wishlist-service] [           main] [                                                 ] .s.d.r.c.RepositoryConfigurationDelegate : Bootstrapping Spring Data MongoDB repositories in DEFAULT mode.
2024-05-25T06:47:23.871+05:30  INFO 22448 --- [wishlist-service] [           main] [                                                 ] .s.d.r.c.RepositoryConfigurationDelegate : Finished Spring Data repository scanning in 79 ms. Found 1 MongoDB repository interface.
2024-05-25T06:47:24.077+05:30  INFO 22448 --- [wishlist-service] [           main] [                                                 ] o.s.cloud.context.scope.GenericScope     : BeanFactory id=58c8bd3c-8b10-33ac-8b26-4d20b06cb870
2024-05-25T06:47:24.370+05:30  WARN 22448 --- [wishlist-service] [           main] [                                                 ] trationDelegate$BeanPostProcessorChecker : Bean 'org.springframework.cloud.client.loadbalancer.LoadBalancerAutoConfiguration$DeferringLoadBalancerInterceptorConfig' of type [org.springframework.cloud.client.loadbalancer.LoadBalancerAutoConfiguration$DeferringLoadBalancerInterceptorConfig] is not eligible for getting processed by all BeanPostProcessors (for example: not eligible for auto-proxying). The currently created BeanPostProcessor [lbRestClientPostProcessor] is declared through a non-static factory method on that class; consider declaring it as static instead.
2024-05-25T06:47:24.370+05:30  WARN 22448 --- [wishlist-service] [           main] [                                                 ] trationDelegate$BeanPostProcessorChecker : Bean 'deferringLoadBalancerInterceptor' of type [org.springframework.cloud.client.loadbalancer.DeferringLoadBalancerInterceptor] is not eligible for getting processed by all BeanPostProcessors (for example: not eligible for auto-proxying). Is this bean getting eagerly injected into a currently created BeanPostProcessor [lbRestClientPostProcessor]? Check the corresponding BeanPostProcessor declaration and its dependencies.
2024-05-25T06:47:24.636+05:30  INFO 22448 --- [wishlist-service] [           main] [                                                 ] o.s.b.w.embedded.tomcat.TomcatWebServer  : Tomcat initialized with port 8082 (http)
2024-05-25T06:47:24.652+05:30  INFO 22448 --- [wishlist-service] [           main] [                                                 ] o.apache.catalina.core.StandardService   : Starting service [Tomcat]
2024-05-25T06:47:24.652+05:30  INFO 22448 --- [wishlist-service] [           main] [                                                 ] o.apache.catalina.core.StandardEngine    : Starting Servlet engine: [Apache Tomcat/10.1.19]
2024-05-25T06:47:24.707+05:30  INFO 22448 --- [wishlist-service] [           main] [                                                 ] o.a.c.c.C.[Tomcat].[localhost].[/]       : Initializing Spring embedded WebApplicationContext
2024-05-25T06:47:24.707+05:30  INFO 22448 --- [wishlist-service] [           main] [                                                 ] w.s.c.ServletWebServerApplicationContext : Root WebApplicationContext: initialization completed in 1640 ms
2024-05-25T06:47:25.434+05:30  INFO 22448 --- [wishlist-service] [           main] [                                                 ] org.mongodb.driver.client                : MongoClient with metadata {"application": {"name": "Cluster0"}, "driver": {"name": "mongo-java-driver|sync|spring-boot", "version": "4.11.1"}, "os": {"type": "Windows", "name": "Windows 11", "architecture": "amd64", "version": "10.0"}, "platform": "Java/Oracle Corporation/22.0.1+8-16"} created with settings MongoClientSettings{readPreference=primary, writeConcern=WriteConcern{w=majority, wTimeout=null ms, journal=null}, retryWrites=true, retryReads=true, readConcern=ReadConcern{level=null}, credential=MongoCredential{mechanism=null, userName='tejajagadeep', source='admin', password=<hidden>, mechanismProperties=<hidden>}, transportSettings=null, streamFactoryFactory=null, commandListeners=[io.micrometer.core.instrument.binder.mongodb.MongoMetricsCommandListener@6a261998], codecRegistry=ProvidersCodecRegistry{codecProviders=[ValueCodecProvider{}, BsonValueCodecProvider{}, DBRefCodecProvider{}, DBObjectCodecProvider{}, DocumentCodecProvider{}, CollectionCodecProvider{}, IterableCodecProvider{}, MapCodecProvider{}, GeoJsonCodecProvider{}, GridFSFileCodecProvider{}, Jsr310CodecProvider{}, JsonObjectCodecProvider{}, BsonCodecProvider{}, EnumCodecProvider{}, com.mongodb.client.model.mql.ExpressionCodecProvider@70f3bf00, com.mongodb.Jep395RecordCodecProvider@49770ef9, com.mongodb.KotlinCodecProvider@15bcecf9]}, loggerSettings=LoggerSettings{maxDocumentLength=1000}, clusterSettings={hosts=[127.0.0.1:27017], srvHost=cluster0.u0rctha.mongodb.net, srvServiceName=mongodb, mode=MULTIPLE, requiredClusterType=REPLICA_SET, requiredReplicaSetName='atlas-1i3w24-shard-0', serverSelector='null', clusterListeners='[]', serverSelectionTimeout='30000 ms', localThreshold='15 ms'}, socketSettings=SocketSettings{connectTimeoutMS=10000, readTimeoutMS=0, receiveBufferSize=0, proxySettings=ProxySettings{host=null, port=null, username=null, password=null}}, heartbeatSocketSettings=SocketSettings{connectTimeoutMS=10000, readTimeoutMS=10000, receiveBufferSize=0, proxySettings=ProxySettings{host=null, port=null, username=null, password=null}}, connectionPoolSettings=ConnectionPoolSettings{maxSize=100, minSize=0, maxWaitTimeMS=120000, maxConnectionLifeTimeMS=0, maxConnectionIdleTimeMS=0, maintenanceInitialDelayMS=0, maintenanceFrequencyMS=60000, connectionPoolListeners=[io.micrometer.core.instrument.binder.mongodb.MongoMetricsConnectionPoolListener@4f0cdd0f], maxConnecting=2}, serverSettings=ServerSettings{heartbeatFrequencyMS=10000, minHeartbeatFrequencyMS=500, serverListeners='[]', serverMonitorListeners='[]'}, sslSettings=SslSettings{enabled=true, invalidHostNameAllowed=false, context=null}, applicationName='Cluster0', compressorList=[], uuidRepresentation=JAVA_LEGACY, serverApi=null, autoEncryptionSettings=null, dnsClient=null, inetAddressResolver=null, contextProvider=null}
2024-05-25T06:47:25.441+05:30  INFO 22448 --- [wishlist-service] [tha.mongodb.net] [                                                 ] org.mongodb.driver.cluster               : Adding discovered server ac-c4tcoo9-shard-00-00.u0rctha.mongodb.net:27017 to client view of cluster
2024-05-25T06:47:25.496+05:30  INFO 22448 --- [wishlist-service] [tha.mongodb.net] [                                                 ] org.mongodb.driver.cluster               : Adding discovered server ac-c4tcoo9-shard-00-01.u0rctha.mongodb.net:27017 to client view of cluster
2024-05-25T06:47:25.497+05:30  INFO 22448 --- [wishlist-service] [tha.mongodb.net] [                                                 ] org.mongodb.driver.cluster               : Adding discovered server ac-c4tcoo9-shard-00-02.u0rctha.mongodb.net:27017 to client view of cluster
2024-05-25T06:47:25.846+05:30  INFO 22448 --- [wishlist-service] [ngodb.net:27017] [                                                 ] org.mongodb.driver.cluster               : Monitor thread successfully connected to server with description ServerDescription{address=ac-c4tcoo9-shard-00-00.u0rctha.mongodb.net:27017, type=REPLICA_SET_SECONDARY, state=CONNECTED, ok=true, minWireVersion=0, maxWireVersion=21, maxDocumentSize=16777216, logicalSessionTimeoutMinutes=30, roundTripTimeNanos=204319600, setName='atlas-1i3w24-shard-0', canonicalAddress=ac-c4tcoo9-shard-00-00.u0rctha.mongodb.net:27017, hosts=[ac-c4tcoo9-shard-00-02.u0rctha.mongodb.net:27017, ac-c4tcoo9-shard-00-00.u0rctha.mongodb.net:27017, ac-c4tcoo9-shard-00-01.u0rctha.mongodb.net:27017], passives=[], arbiters=[], primary='ac-c4tcoo9-shard-00-01.u0rctha.mongodb.net:27017', tagSet=TagSet{[Tag{name='availabilityZone', value='aps1-az1'}, Tag{name='diskState', value='READY'}, Tag{name='nodeType', value='ELECTABLE'}, Tag{name='provider', value='AWS'}, Tag{name='region', value='AP_SOUTH_1'}, Tag{name='workloadType', value='OPERATIONAL'}]}, electionId=null, setVersion=51, topologyVersion=TopologyVersion{processId=6650ba09e9520f7cf2962f9c, counter=4}, lastWriteDate=Sat May 25 06:47:24 IST 2024, lastUpdateTimeNanos=2802607682000}
2024-05-25T06:47:25.846+05:30  INFO 22448 --- [wishlist-service] [ngodb.net:27017] [                                                 ] org.mongodb.driver.cluster               : Monitor thread successfully connected to server with description ServerDescription{address=ac-c4tcoo9-shard-00-02.u0rctha.mongodb.net:27017, type=REPLICA_SET_SECONDARY, state=CONNECTED, ok=true, minWireVersion=0, maxWireVersion=21, maxDocumentSize=16777216, logicalSessionTimeoutMinutes=30, roundTripTimeNanos=205411600, setName='atlas-1i3w24-shard-0', canonicalAddress=ac-c4tcoo9-shard-00-02.u0rctha.mongodb.net:27017, hosts=[ac-c4tcoo9-shard-00-02.u0rctha.mongodb.net:27017, ac-c4tcoo9-shard-00-00.u0rctha.mongodb.net:27017, ac-c4tcoo9-shard-00-01.u0rctha.mongodb.net:27017], passives=[], arbiters=[], primary='ac-c4tcoo9-shard-00-01.u0rctha.mongodb.net:27017', tagSet=TagSet{[Tag{name='availabilityZone', value='aps1-az2'}, Tag{name='diskState', value='READY'}, Tag{name='nodeType', value='ELECTABLE'}, Tag{name='provider', value='AWS'}, Tag{name='region', value='AP_SOUTH_1'}, Tag{name='workloadType', value='OPERATIONAL'}]}, electionId=null, setVersion=51, topologyVersion=TopologyVersion{processId=6650bad10f7815dbc48119bf, counter=3}, lastWriteDate=Sat May 25 06:47:24 IST 2024, lastUpdateTimeNanos=2802607602400}
2024-05-25T06:47:25.846+05:30  INFO 22448 --- [wishlist-service] [ngodb.net:27017] [                                                 ] org.mongodb.driver.cluster               : Monitor thread successfully connected to server with description ServerDescription{address=ac-c4tcoo9-shard-00-01.u0rctha.mongodb.net:27017, type=REPLICA_SET_PRIMARY, state=CONNECTED, ok=true, minWireVersion=0, maxWireVersion=21, maxDocumentSize=16777216, logicalSessionTimeoutMinutes=30, roundTripTimeNanos=205411100, setName='atlas-1i3w24-shard-0', canonicalAddress=ac-c4tcoo9-shard-00-01.u0rctha.mongodb.net:27017, hosts=[ac-c4tcoo9-shard-00-02.u0rctha.mongodb.net:27017, ac-c4tcoo9-shard-00-00.u0rctha.mongodb.net:27017, ac-c4tcoo9-shard-00-01.u0rctha.mongodb.net:27017], passives=[], arbiters=[], primary='ac-c4tcoo9-shard-00-01.u0rctha.mongodb.net:27017', tagSet=TagSet{[Tag{name='availabilityZone', value='aps1-az3'}, Tag{name='diskState', value='READY'}, Tag{name='nodeType', value='ELECTABLE'}, Tag{name='provider', value='AWS'}, Tag{name='region', value='AP_SOUTH_1'}, Tag{name='workloadType', value='OPERATIONAL'}]}, electionId=7fffffff0000000000000168, setVersion=51, topologyVersion=TopologyVersion{processId=6650ba6c2d7bfe10ff395f7e, counter=6}, lastWriteDate=Sat May 25 06:47:24 IST 2024, lastUpdateTimeNanos=2802607602400}
2024-05-25T06:47:25.846+05:30  INFO 22448 --- [wishlist-service] [ngodb.net:27017] [                                                 ] org.mongodb.driver.cluster               : Discovered replica set primary ac-c4tcoo9-shard-00-01.u0rctha.mongodb.net:27017 with max election id 7fffffff0000000000000168 and max set version 51
2024-05-25T06:47:25.952+05:30  INFO 22448 --- [wishlist-service] [           main] [                                                 ] c.c.w.aspects.LoggingAspect              : Method returned: org.modelmapper.ModelMapper@68c3aa38
2024-05-25T06:47:25.994+05:30  INFO 22448 --- [wishlist-service] [           main] [                                                 ] c.c.w.aspects.LoggingAspect              : Method returned: io.micrometer.observation.aop.ObservedAspect@76641439
2024-05-25T06:47:26.214+05:30  INFO 22448 --- [wishlist-service] [           main] [                                                 ] c.c.w.aspects.LoggingAspect              : Method returned: null
2024-05-25T06:47:27.456+05:30  INFO 22448 --- [wishlist-service] [           main] [                                                 ] DiscoveryClientOptionalArgsConfiguration : Eureka HTTP Client uses RestTemplate.
2024-05-25T06:47:27.534+05:30  INFO 22448 --- [wishlist-service] [           main] [                                                 ] o.s.b.a.e.web.EndpointLinksResolver      : Exposing 24 endpoint(s) beneath base path '/actuator'
2024-05-25T06:47:27.628+05:30  INFO 22448 --- [wishlist-service] [           main] [                                                 ] o.s.c.n.eureka.InstanceInfoFactory       : Setting initial instance status as: STARTING
2024-05-25T06:47:27.721+05:30  INFO 22448 --- [wishlist-service] [           main] [                                                 ] com.netflix.discovery.DiscoveryClient    : Initializing Eureka in region us-east-1
2024-05-25T06:47:27.721+05:30  INFO 22448 --- [wishlist-service] [           main] [                                                 ] c.n.d.s.r.aws.ConfigClusterResolver      : Resolving eureka endpoints via configuration
2024-05-25T06:47:27.753+05:30  INFO 22448 --- [wishlist-service] [           main] [                                                 ] com.netflix.discovery.DiscoveryClient    : Disable delta property : false
2024-05-25T06:47:27.753+05:30  INFO 22448 --- [wishlist-service] [           main] [                                                 ] com.netflix.discovery.DiscoveryClient    : Single vip registry refresh property : null
2024-05-25T06:47:27.753+05:30  INFO 22448 --- [wishlist-service] [           main] [                                                 ] com.netflix.discovery.DiscoveryClient    : Force full registry fetch : false
2024-05-25T06:47:27.753+05:30  INFO 22448 --- [wishlist-service] [           main] [                                                 ] com.netflix.discovery.DiscoveryClient    : Application is null : false
2024-05-25T06:47:27.753+05:30  INFO 22448 --- [wishlist-service] [           main] [                                                 ] com.netflix.discovery.DiscoveryClient    : Registered Applications size is zero : true
2024-05-25T06:47:27.753+05:30  INFO 22448 --- [wishlist-service] [           main] [                                                 ] com.netflix.discovery.DiscoveryClient    : Application version is -1: true
2024-05-25T06:47:27.753+05:30  INFO 22448 --- [wishlist-service] [           main] [                                                 ] com.netflix.discovery.DiscoveryClient    : Getting all instance registry info from the eureka server
2024-05-25T06:47:27.846+05:30  INFO 22448 --- [wishlist-service] [           main] [                                                 ] com.netflix.discovery.DiscoveryClient    : The response status is 200
2024-05-25T06:47:27.846+05:30  INFO 22448 --- [wishlist-service] [           main] [                                                 ] com.netflix.discovery.DiscoveryClient    : Starting heartbeat executor: renew interval is: 30
2024-05-25T06:47:27.846+05:30  INFO 22448 --- [wishlist-service] [           main] [                                                 ] c.n.discovery.InstanceInfoReplicator     : InstanceInfoReplicator onDemand update allowed rate per min is 4
2024-05-25T06:47:27.862+05:30  INFO 22448 --- [wishlist-service] [           main] [                                                 ] com.netflix.discovery.DiscoveryClient    : Discovery Client initialized at timestamp 1716599847862 with initial instances count: 2
2024-05-25T06:47:27.862+05:30  INFO 22448 --- [wishlist-service] [           main] [                                                 ] o.s.c.n.e.s.EurekaServiceRegistry        : Registering application WISHLIST-SERVICE with eureka with status UP
2024-05-25T06:47:27.862+05:30  INFO 22448 --- [wishlist-service] [           main] [                                                 ] com.netflix.discovery.DiscoveryClient    : Saw local status change event StatusChangeEvent [timestamp=1716599847862, current=UP, previous=STARTING]
2024-05-25T06:47:27.877+05:30  INFO 22448 --- [wishlist-service] [nfoReplicator-0] [                                                 ] com.netflix.discovery.DiscoveryClient    : DiscoveryClient_WISHLIST-SERVICE/KJagadeep:wishlist-service:8082: registering service...
2024-05-25T06:47:27.877+05:30  INFO 22448 --- [wishlist-service] [           main] [                                                 ] o.s.b.w.embedded.tomcat.TomcatWebServer  : Tomcat started on port 8082 (http) with context path ''
2024-05-25T06:47:27.877+05:30  INFO 22448 --- [wishlist-service] [           main] [                                                 ] .s.c.n.e.s.EurekaAutoServiceRegistration : Updating port to 8082
2024-05-25T06:47:27.909+05:30  INFO 22448 --- [wishlist-service] [           main] [                                                 ] c.c.w.WishlistServiceApplication         : Started WishlistServiceApplication in 6.467 seconds (process running for 6.803)
2024-05-25T06:47:27.924+05:30  INFO 22448 --- [wishlist-service] [nfoReplicator-0] [                                                 ] com.netflix.discovery.DiscoveryClient    : DiscoveryClient_WISHLIST-SERVICE/KJagadeep:wishlist-service:8082 - registration status: 204
2024-05-25T06:48:14.032+05:30  INFO 22448 --- [wishlist-service] [nio-8082-exec-1] [                                                 ] o.a.c.c.C.[Tomcat].[localhost].[/]       : Initializing Spring DispatcherServlet 'dispatcherServlet'
2024-05-25T06:48:14.032+05:30  INFO 22448 --- [wishlist-service] [nio-8082-exec-1] [                                                 ] o.s.web.servlet.DispatcherServlet        : Initializing Servlet 'dispatcherServlet'
2024-05-25T06:48:14.033+05:30  INFO 22448 --- [wishlist-service] [nio-8082-exec-1] [                                                 ] o.s.web.servlet.DispatcherServlet        : Completed initialization in 1 ms
2024-05-25T06:48:14.033+05:30  INFO 22448 --- [wishlist-service] [nio-8082-exec-1] [                                                 ] c.c.w.aspects.LoggingAspect              : Method returned: false
2024-05-25T06:48:14.499+05:30  INFO 22448 --- [wishlist-service] [nio-8082-exec-1] [66513c565bd517c1c0bd39c7fe0fa239-c0bd39c7fe0fa239] o.springdoc.api.AbstractOpenApiResource  : Init duration for springdoc-openapi is: 368 ms
2024-05-25T06:48:21.495+05:30  INFO 22448 --- [wishlist-service] [nio-8082-exec-2] [                                                 ] c.c.w.aspects.LoggingAspect              : Method returned: false
[INFO] ------------------------------------------------------------------------
[INFO] BUILD FAILURE
[INFO] ------------------------------------------------------------------------
[INFO] Total time:  02:04 min
[INFO] Finished at: 2024-05-25T06:49:23+05:30
[INFO] ------------------------------------------------------------------------
[ERROR] Failed to execute goal org.springframework.boot:spring-boot-maven-plugin:3.2.4:run (default-cli) on project wishlist-service: Process terminated with exit code: 1 -> [Help 1]
[ERROR] 
[ERROR] To see the full stack trace of the errors, re-run Maven with the -e switch.
[ERROR] Re-run Maven using the -X switch to enable full debug logging.
[ERROR] 
[ERROR] For more information about the errors and possible solutions, please read the following articles:
[ERROR] [Help 1] http://cwiki.apache.org/confluence/display/MAVEN/MojoExecutionException
