[INFO] Scanning for projects...
[INFO] 
[INFO] ------------------< com.auth:authentication-service >-------------------
[INFO] Building authentication-service 0.0.1-SNAPSHOT
[INFO]   from pom.xml
[INFO] --------------------------------[ jar ]---------------------------------
[INFO] 
[INFO] >>> spring-boot:3.2.4:run (default-cli) > test-compile @ authentication-service >>>
[INFO] 
[INFO] --- resources:3.3.1:resources (default-resources) @ authentication-service ---
[INFO] Copying 1 resource from src\main\resources to target\classes
[INFO] Copying 0 resource from src\main\resources to target\classes
[INFO] 
[INFO] --- compiler:3.11.0:compile (default-compile) @ authentication-service ---
[INFO] Nothing to compile - all classes are up to date
[INFO] 
[INFO] --- resources:3.3.1:testResources (default-testResources) @ authentication-service ---
[INFO] skip non existing resourceDirectory C:\Users\tejaj\Videos\git\movie-app\movie-backend\authentication-service\src\test\resources
[INFO] 
[INFO] --- compiler:3.11.0:testCompile (default-testCompile) @ authentication-service ---
[INFO] Nothing to compile - all classes are up to date
[INFO] 
[INFO] <<< spring-boot:3.2.4:run (default-cli) < test-compile @ authentication-service <<<
[INFO] 
[INFO] 
[INFO] --- spring-boot:3.2.4:run (default-cli) @ authentication-service ---
[INFO] Attaching agents: []

  .   ____          _            __ _ _
 /\\ / ___'_ __ _ _(_)_ __  __ _ \ \ \ \
( ( )\___ | '_ | '_| | '_ \/ _` | \ \ \ \
 \\/  ___)| |_)| | | | | || (_| |  ) ) ) )
  '  |____| .__|_| |_|_| |_\__, | / / / /
 =========|_|==============|___/=/_/_/_/
 :: Spring Boot ::                (v3.2.4)

2024-05-25T06:46:22.653+05:30  INFO 6800 --- [authentication-service] [           main] [                                                 ] c.a.a.AuthenticationServiceApplication   : Starting AuthenticationServiceApplication using Java 22.0.1 with PID 6800 (C:\Users\tejaj\Videos\git\movie-app\movie-backend\authentication-service\target\classes started by tejaj in C:\Users\tejaj\Videos\git\movie-app\movie-backend\authentication-service)
2024-05-25T06:46:22.655+05:30  INFO 6800 --- [authentication-service] [           main] [                                                 ] c.a.a.AuthenticationServiceApplication   : No active profile set, falling back to 1 default profile: "default"
2024-05-25T06:46:22.699+05:30  INFO 6800 --- [authentication-service] [           main] [                                                 ] o.s.c.c.c.ConfigServerConfigDataLoader   : Fetching config from server at : http://localhost:8888/
2024-05-25T06:46:22.699+05:30  INFO 6800 --- [authentication-service] [           main] [                                                 ] o.s.c.c.c.ConfigServerConfigDataLoader   : Located environment: name=authentication-service, profiles=[default], label=null, version=e7d376071f0b96cb16cdc42ba05f422ec7ee5cdf, state=null
2024-05-25T06:46:23.416+05:30  INFO 6800 --- [authentication-service] [           main] [                                                 ] .s.d.r.c.RepositoryConfigurationDelegate : Bootstrapping Spring Data JPA repositories in DEFAULT mode.
2024-05-25T06:46:23.504+05:30  INFO 6800 --- [authentication-service] [           main] [                                                 ] .s.d.r.c.RepositoryConfigurationDelegate : Finished Spring Data repository scanning in 84 ms. Found 1 JPA repository interface.
2024-05-25T06:46:23.685+05:30  INFO 6800 --- [authentication-service] [           main] [                                                 ] o.s.cloud.context.scope.GenericScope     : BeanFactory id=35869bb9-1ca2-3f37-898e-b2572cfa2432
2024-05-25T06:46:23.938+05:30  WARN 6800 --- [authentication-service] [           main] [                                                 ] trationDelegate$BeanPostProcessorChecker : Bean 'org.springframework.cloud.client.loadbalancer.LoadBalancerAutoConfiguration$DeferringLoadBalancerInterceptorConfig' of type [org.springframework.cloud.client.loadbalancer.LoadBalancerAutoConfiguration$DeferringLoadBalancerInterceptorConfig] is not eligible for getting processed by all BeanPostProcessors (for example: not eligible for auto-proxying). The currently created BeanPostProcessor [lbRestClientPostProcessor] is declared through a non-static factory method on that class; consider declaring it as static instead.
2024-05-25T06:46:23.941+05:30  WARN 6800 --- [authentication-service] [           main] [                                                 ] trationDelegate$BeanPostProcessorChecker : Bean 'deferringLoadBalancerInterceptor' of type [org.springframework.cloud.client.loadbalancer.DeferringLoadBalancerInterceptor] is not eligible for getting processed by all BeanPostProcessors (for example: not eligible for auto-proxying). Is this bean getting eagerly injected into a currently created BeanPostProcessor [lbRestClientPostProcessor]? Check the corresponding BeanPostProcessor declaration and its dependencies.
2024-05-25T06:46:24.127+05:30  INFO 6800 --- [authentication-service] [           main] [                                                 ] o.s.b.w.embedded.tomcat.TomcatWebServer  : Tomcat initialized with port 8090 (http)
2024-05-25T06:46:24.134+05:30  INFO 6800 --- [authentication-service] [           main] [                                                 ] o.apache.catalina.core.StandardService   : Starting service [Tomcat]
2024-05-25T06:46:24.135+05:30  INFO 6800 --- [authentication-service] [           main] [                                                 ] o.apache.catalina.core.StandardEngine    : Starting Servlet engine: [Apache Tomcat/10.1.19]
2024-05-25T06:46:24.183+05:30  INFO 6800 --- [authentication-service] [           main] [                                                 ] o.a.c.c.C.[Tomcat].[localhost].[/]       : Initializing Spring embedded WebApplicationContext
2024-05-25T06:46:24.184+05:30  INFO 6800 --- [authentication-service] [           main] [                                                 ] w.s.c.ServletWebServerApplicationContext : Root WebApplicationContext: initialization completed in 1484 ms
2024-05-25T06:46:24.605+05:30  INFO 6800 --- [authentication-service] [           main] [                                                 ] o.hibernate.jpa.internal.util.LogHelper  : HHH000204: Processing PersistenceUnitInfo [name: default]
2024-05-25T06:46:24.636+05:30  INFO 6800 --- [authentication-service] [           main] [                                                 ] org.hibernate.Version                    : HHH000412: Hibernate ORM core version 6.4.4.Final
2024-05-25T06:46:24.655+05:30  INFO 6800 --- [authentication-service] [           main] [                                                 ] o.h.c.internal.RegionFactoryInitiator    : HHH000026: Second-level cache disabled
2024-05-25T06:46:24.786+05:30  INFO 6800 --- [authentication-service] [           main] [                                                 ] o.s.o.j.p.SpringPersistenceUnitInfo      : No LoadTimeWeaver setup: ignoring JPA class transformer
2024-05-25T06:46:24.801+05:30  INFO 6800 --- [authentication-service] [           main] [                                                 ] com.zaxxer.hikari.HikariDataSource       : HikariPool-1 - Starting...
2024-05-25T06:46:24.981+05:30  INFO 6800 --- [authentication-service] [           main] [                                                 ] com.zaxxer.hikari.pool.HikariPool        : HikariPool-1 - Added connection com.mysql.cj.jdbc.ConnectionImpl@4598961d
2024-05-25T06:46:24.984+05:30  INFO 6800 --- [authentication-service] [           main] [                                                 ] com.zaxxer.hikari.HikariDataSource       : HikariPool-1 - Start completed.
2024-05-25T06:46:25.569+05:30  INFO 6800 --- [authentication-service] [           main] [                                                 ] o.h.e.t.j.p.i.JtaPlatformInitiator       : HHH000489: No JTA platform available (set 'hibernate.transaction.jta.platform' to enable JTA platform integration)
2024-05-25T06:46:25.597+05:30  INFO 6800 --- [authentication-service] [           main] [                                                 ] j.LocalContainerEntityManagerFactoryBean : Initialized JPA EntityManagerFactory for persistence unit 'default'
2024-05-25T06:46:25.946+05:30  WARN 6800 --- [authentication-service] [           main] [                                                 ] JpaBaseConfiguration$JpaWebConfiguration : spring.jpa.open-in-view is enabled by default. Therefore, database queries may be performed during view rendering. Explicitly configure spring.jpa.open-in-view to disable this warning
2024-05-25T06:46:26.365+05:30  INFO 6800 --- [authentication-service] [           main] [                                                 ] o.s.b.a.e.web.EndpointLinksResolver      : Exposing 16 endpoint(s) beneath base path '/actuator'
2024-05-25T06:46:26.432+05:30  INFO 6800 --- [authentication-service] [           main] [                                                 ] o.s.s.web.DefaultSecurityFilterChain     : Will secure any request with [org.springframework.security.web.session.DisableEncodeUrlFilter@70bca957, org.springframework.security.web.context.request.async.WebAsyncManagerIntegrationFilter@4fbd0d1, org.springframework.security.web.context.SecurityContextHolderFilter@400c0d26, org.springframework.security.web.header.HeaderWriterFilter@3fb8e614, org.springframework.web.filter.CorsFilter@7b128cd2, org.springframework.security.web.authentication.logout.LogoutFilter@52f2d8e8, com.auth.authenticationservice.filter.JwtAuthFilter@7002dacc, org.springframework.security.web.savedrequest.RequestCacheAwareFilter@75351aec, org.springframework.security.web.servletapi.SecurityContextHolderAwareRequestFilter@55af9b48, org.springframework.security.web.authentication.AnonymousAuthenticationFilter@519e110b, org.springframework.security.web.session.SessionManagementFilter@43e587cd, org.springframework.security.web.access.ExceptionTranslationFilter@7ec416a0, org.springframework.security.web.access.intercept.AuthorizationFilter@5e324000]
2024-05-25T06:46:26.884+05:30  INFO 6800 --- [authentication-service] [           main] [                                                 ] DiscoveryClientOptionalArgsConfiguration : Eureka HTTP Client uses RestTemplate.
2024-05-25T06:46:26.924+05:30  WARN 6800 --- [authentication-service] [           main] [                                                 ] iguration$LoadBalancerCaffeineWarnLogger : Spring Cloud LoadBalancer is currently working with the default cache. While this cache implementation is useful for development and tests, it's recommended to use Caffeine cache in production.You can switch to using Caffeine cache, by adding it and org.springframework.cache.caffeine.CaffeineCacheManager to the classpath.
2024-05-25T06:46:26.989+05:30  INFO 6800 --- [authentication-service] [           main] [                                                 ] o.s.c.n.eureka.InstanceInfoFactory       : Setting initial instance status as: STARTING
2024-05-25T06:46:27.051+05:30  INFO 6800 --- [authentication-service] [           main] [                                                 ] com.netflix.discovery.DiscoveryClient    : Initializing Eureka in region us-east-1
2024-05-25T06:46:27.054+05:30  INFO 6800 --- [authentication-service] [           main] [                                                 ] c.n.d.s.r.aws.ConfigClusterResolver      : Resolving eureka endpoints via configuration
2024-05-25T06:46:27.067+05:30  INFO 6800 --- [authentication-service] [           main] [                                                 ] com.netflix.discovery.DiscoveryClient    : Disable delta property : false
2024-05-25T06:46:27.068+05:30  INFO 6800 --- [authentication-service] [           main] [                                                 ] com.netflix.discovery.DiscoveryClient    : Single vip registry refresh property : null
2024-05-25T06:46:27.068+05:30  INFO 6800 --- [authentication-service] [           main] [                                                 ] com.netflix.discovery.DiscoveryClient    : Force full registry fetch : false
2024-05-25T06:46:27.068+05:30  INFO 6800 --- [authentication-service] [           main] [                                                 ] com.netflix.discovery.DiscoveryClient    : Application is null : false
2024-05-25T06:46:27.068+05:30  INFO 6800 --- [authentication-service] [           main] [                                                 ] com.netflix.discovery.DiscoveryClient    : Registered Applications size is zero : true
2024-05-25T06:46:27.068+05:30  INFO 6800 --- [authentication-service] [           main] [                                                 ] com.netflix.discovery.DiscoveryClient    : Application version is -1: true
2024-05-25T06:46:27.068+05:30  INFO 6800 --- [authentication-service] [           main] [                                                 ] com.netflix.discovery.DiscoveryClient    : Getting all instance registry info from the eureka server
2024-05-25T06:46:27.144+05:30  INFO 6800 --- [authentication-service] [           main] [                                                 ] com.netflix.discovery.DiscoveryClient    : The response status is 200
2024-05-25T06:46:27.145+05:30  INFO 6800 --- [authentication-service] [           main] [                                                 ] com.netflix.discovery.DiscoveryClient    : Starting heartbeat executor: renew interval is: 30
2024-05-25T06:46:27.147+05:30  INFO 6800 --- [authentication-service] [           main] [                                                 ] c.n.discovery.InstanceInfoReplicator     : InstanceInfoReplicator onDemand update allowed rate per min is 4
2024-05-25T06:46:27.150+05:30  INFO 6800 --- [authentication-service] [           main] [                                                 ] com.netflix.discovery.DiscoveryClient    : Discovery Client initialized at timestamp 1716599787150 with initial instances count: 0
2024-05-25T06:46:27.155+05:30  INFO 6800 --- [authentication-service] [           main] [                                                 ] o.s.c.n.e.s.EurekaServiceRegistry        : Registering application AUTHENTICATION-SERVICE with eureka with status UP
2024-05-25T06:46:27.155+05:30  INFO 6800 --- [authentication-service] [           main] [                                                 ] com.netflix.discovery.DiscoveryClient    : Saw local status change event StatusChangeEvent [timestamp=1716599787155, current=UP, previous=STARTING]
2024-05-25T06:46:27.156+05:30  INFO 6800 --- [authentication-service] [nfoReplicator-0] [                                                 ] com.netflix.discovery.DiscoveryClient    : DiscoveryClient_AUTHENTICATION-SERVICE/KJagadeep:authentication-service:8090: registering service...
2024-05-25T06:46:27.180+05:30  INFO 6800 --- [authentication-service] [           main] [                                                 ] o.s.b.w.embedded.tomcat.TomcatWebServer  : Tomcat started on port 8090 (http) with context path ''
2024-05-25T06:46:27.180+05:30  INFO 6800 --- [authentication-service] [           main] [                                                 ] .s.c.n.e.s.EurekaAutoServiceRegistration : Updating port to 8090
2024-05-25T06:46:27.196+05:30  INFO 6800 --- [authentication-service] [nfoReplicator-0] [                                                 ] com.netflix.discovery.DiscoveryClient    : DiscoveryClient_AUTHENTICATION-SERVICE/KJagadeep:authentication-service:8090 - registration status: 204
2024-05-25T06:46:27.208+05:30  INFO 6800 --- [authentication-service] [           main] [                                                 ] o.a.k.clients.consumer.ConsumerConfig    : ConsumerConfig values: 
	allow.auto.create.topics = true
	auto.commit.interval.ms = 5000
	auto.include.jmx.reporter = true
	auto.offset.reset = earliest
	bootstrap.servers = [localhost:9092]
	check.crcs = true
	client.dns.lookup = use_all_dns_ips
	client.id = consumer-mygroup-1
	client.rack = 
	connections.max.idle.ms = 540000
	default.api.timeout.ms = 60000
	enable.auto.commit = true
	exclude.internal.topics = true
	fetch.max.bytes = 52428800
	fetch.max.wait.ms = 500
	fetch.min.bytes = 1
	group.id = mygroup
	group.instance.id = null
	heartbeat.interval.ms = 3000
	interceptor.classes = []
	internal.leave.group.on.close = true
	internal.throw.on.fetch.stable.offset.unsupported = false
	isolation.level = read_uncommitted
	key.deserializer = class org.apache.kafka.common.serialization.StringDeserializer
	max.partition.fetch.bytes = 1048576
	max.poll.interval.ms = 300000
	max.poll.records = 500
	metadata.max.age.ms = 300000
	metric.reporters = []
	metrics.num.samples = 2
	metrics.recording.level = INFO
	metrics.sample.window.ms = 30000
	partition.assignment.strategy = [class org.apache.kafka.clients.consumer.RangeAssignor, class org.apache.kafka.clients.consumer.CooperativeStickyAssignor]
	receive.buffer.bytes = 65536
	reconnect.backoff.max.ms = 1000
	reconnect.backoff.ms = 50
	request.timeout.ms = 30000
	retry.backoff.ms = 100
	sasl.client.callback.handler.class = null
	sasl.jaas.config = null
	sasl.kerberos.kinit.cmd = /usr/bin/kinit
	sasl.kerberos.min.time.before.relogin = 60000
	sasl.kerberos.service.name = null
	sasl.kerberos.ticket.renew.jitter = 0.05
	sasl.kerberos.ticket.renew.window.factor = 0.8
	sasl.login.callback.handler.class = null
	sasl.login.class = null
	sasl.login.connect.timeout.ms = null
	sasl.login.read.timeout.ms = null
	sasl.login.refresh.buffer.seconds = 300
	sasl.login.refresh.min.period.seconds = 60
	sasl.login.refresh.window.factor = 0.8
	sasl.login.refresh.window.jitter = 0.05
	sasl.login.retry.backoff.max.ms = 10000
	sasl.login.retry.backoff.ms = 100
	sasl.mechanism = GSSAPI
	sasl.oauthbearer.clock.skew.seconds = 30
	sasl.oauthbearer.expected.audience = null
	sasl.oauthbearer.expected.issuer = null
	sasl.oauthbearer.jwks.endpoint.refresh.ms = 3600000
	sasl.oauthbearer.jwks.endpoint.retry.backoff.max.ms = 10000
	sasl.oauthbearer.jwks.endpoint.retry.backoff.ms = 100
	sasl.oauthbearer.jwks.endpoint.url = null
	sasl.oauthbearer.scope.claim.name = scope
	sasl.oauthbearer.sub.claim.name = sub
	sasl.oauthbearer.token.endpoint.url = null
	security.protocol = PLAINTEXT
	security.providers = null
	send.buffer.bytes = 131072
	session.timeout.ms = 45000
	socket.connection.setup.timeout.max.ms = 30000
	socket.connection.setup.timeout.ms = 10000
	ssl.cipher.suites = null
	ssl.enabled.protocols = [TLSv1.2, TLSv1.3]
	ssl.endpoint.identification.algorithm = https
	ssl.engine.factory.class = null
	ssl.key.password = null
	ssl.keymanager.algorithm = SunX509
	ssl.keystore.certificate.chain = null
	ssl.keystore.key = null
	ssl.keystore.location = null
	ssl.keystore.password = null
	ssl.keystore.type = JKS
	ssl.protocol = TLSv1.3
	ssl.provider = null
	ssl.secure.random.implementation = null
	ssl.trustmanager.algorithm = PKIX
	ssl.truststore.certificates = null
	ssl.truststore.location = null
	ssl.truststore.password = null
	ssl.truststore.type = JKS
	value.deserializer = class org.apache.kafka.common.serialization.StringDeserializer

2024-05-25T06:46:27.261+05:30  INFO 6800 --- [authentication-service] [           main] [                                                 ] o.a.k.clients.consumer.ConsumerConfig    : These configurations '[spring.json.trusted.packages]' were supplied but are not used yet.
2024-05-25T06:46:27.262+05:30  INFO 6800 --- [authentication-service] [           main] [                                                 ] o.a.kafka.common.utils.AppInfoParser     : Kafka version: 3.6.1
2024-05-25T06:46:27.263+05:30  INFO 6800 --- [authentication-service] [           main] [                                                 ] o.a.kafka.common.utils.AppInfoParser     : Kafka commitId: 5e3c2b738d253ff5
2024-05-25T06:46:27.263+05:30  INFO 6800 --- [authentication-service] [           main] [                                                 ] o.a.kafka.common.utils.AppInfoParser     : Kafka startTimeMs: 1716599787261
2024-05-25T06:46:27.270+05:30  INFO 6800 --- [authentication-service] [           main] [                                                 ] fkaConsumerFactory$ExtendedKafkaConsumer : [Consumer clientId=consumer-mygroup-1, groupId=mygroup] Subscribed to topic(s): MovieApp
2024-05-25T06:46:27.287+05:30  INFO 6800 --- [authentication-service] [           main] [                                                 ] c.a.a.AuthenticationServiceApplication   : Started AuthenticationServiceApplication in 6.372 seconds (process running for 6.655)
2024-05-25T06:46:57.154+05:30  INFO 6800 --- [authentication-service] [freshExecutor-0] [                                                 ] com.netflix.discovery.DiscoveryClient    : Disable delta property : false
2024-05-25T06:46:57.154+05:30  INFO 6800 --- [authentication-service] [freshExecutor-0] [                                                 ] com.netflix.discovery.DiscoveryClient    : Single vip registry refresh property : null
2024-05-25T06:46:57.154+05:30  INFO 6800 --- [authentication-service] [freshExecutor-0] [                                                 ] com.netflix.discovery.DiscoveryClient    : Force full registry fetch : false
2024-05-25T06:46:57.154+05:30  INFO 6800 --- [authentication-service] [freshExecutor-0] [                                                 ] com.netflix.discovery.DiscoveryClient    : Application is null : false
2024-05-25T06:46:57.154+05:30  INFO 6800 --- [authentication-service] [freshExecutor-0] [                                                 ] com.netflix.discovery.DiscoveryClient    : Registered Applications size is zero : true
2024-05-25T06:46:57.154+05:30  INFO 6800 --- [authentication-service] [freshExecutor-0] [                                                 ] com.netflix.discovery.DiscoveryClient    : Application version is -1: false
2024-05-25T06:46:57.154+05:30  INFO 6800 --- [authentication-service] [freshExecutor-0] [                                                 ] com.netflix.discovery.DiscoveryClient    : Getting all instance registry info from the eureka server
2024-05-25T06:46:57.190+05:30  INFO 6800 --- [authentication-service] [freshExecutor-0] [                                                 ] com.netflix.discovery.DiscoveryClient    : The response status is 200
2024-05-25T06:48:17.973+05:30  INFO 6800 --- [authentication-service] [nio-8090-exec-1] [                                                 ] o.a.c.c.C.[Tomcat].[localhost].[/]       : Initializing Spring DispatcherServlet 'dispatcherServlet'
2024-05-25T06:48:17.973+05:30  INFO 6800 --- [authentication-service] [nio-8090-exec-1] [                                                 ] o.s.web.servlet.DispatcherServlet        : Initializing Servlet 'dispatcherServlet'
2024-05-25T06:48:17.982+05:30  INFO 6800 --- [authentication-service] [nio-8090-exec-1] [                                                 ] o.s.web.servlet.DispatcherServlet        : Completed initialization in 9 ms
2024-05-25T06:48:18.413+05:30  INFO 6800 --- [authentication-service] [nio-8090-exec-1] [66513c5964b1520e69a3f81f48825e62-090ffa569c07224e] o.springdoc.api.AbstractOpenApiResource  : Init duration for springdoc-openapi is: 298 ms
[INFO] ------------------------------------------------------------------------
[INFO] BUILD FAILURE
[INFO] ------------------------------------------------------------------------
[INFO] Total time:  03:03 min
[INFO] Finished at: 2024-05-25T06:49:22+05:30
[INFO] ------------------------------------------------------------------------
[ERROR] Failed to execute goal org.springframework.boot:spring-boot-maven-plugin:3.2.4:run (default-cli) on project authentication-service: Process terminated with exit code: 1 -> [Help 1]
[ERROR] 
[ERROR] To see the full stack trace of the errors, re-run Maven with the -e switch.
[ERROR] Re-run Maven using the -X switch to enable full debug logging.
[ERROR] 
[ERROR] For more information about the errors and possible solutions, please read the following articles:
[ERROR] [Help 1] http://cwiki.apache.org/confluence/display/MAVEN/MojoExecutionException
