[INFO] Scanning for projects...
[INFO] 
[INFO] -----------------------< com.cts:movie-service >------------------------
[INFO] Building movie-service 0.0.1-SNAPSHOT
[INFO]   from pom.xml
[INFO] --------------------------------[ jar ]---------------------------------
[INFO] 
[INFO] >>> spring-boot:3.2.4:run (default-cli) > test-compile @ movie-service >>>
[INFO] 
[INFO] --- resources:3.3.1:resources (default-resources) @ movie-service ---
[INFO] Copying 1 resource from src\main\resources to target\classes
[INFO] Copying 1 resource from src\main\resources to target\classes
[INFO] 
[INFO] --- compiler:3.11.0:compile (default-compile) @ movie-service ---
[INFO] Nothing to compile - all classes are up to date
[INFO] 
[INFO] --- resources:3.3.1:testResources (default-testResources) @ movie-service ---
[INFO] skip non existing resourceDirectory C:\Users\tejaj\Videos\git\movie-app\movie-backend\movie-service\src\test\resources
[INFO] 
[INFO] --- compiler:3.11.0:testCompile (default-testCompile) @ movie-service ---
[INFO] Nothing to compile - all classes are up to date
[INFO] 
[INFO] <<< spring-boot:3.2.4:run (default-cli) < test-compile @ movie-service <<<
[INFO] 
[INFO] 
[INFO] --- spring-boot:3.2.4:run (default-cli) @ movie-service ---
[INFO] Attaching agents: []

  .   ____          _            __ _ _
 /\\ / ___'_ __ _ _(_)_ __  __ _ \ \ \ \
( ( )\___ | '_ | '_| | '_ \/ _` | \ \ \ \
 \\/  ___)| |_)| | | | | || (_| |  ) ) ) )
  '  |____| .__|_| |_|_| |_\__, | / / / /
 =========|_|==============|___/=/_/_/_/
 :: Spring Boot ::                (v3.2.4)

2024-05-25T06:47:02.799+05:30  INFO 21672 --- [movie-service] [           main] [                                                 ] c.c.m.MovieServiceApplication            : Starting MovieServiceApplication using Java 22.0.1 with PID 21672 (C:\Users\tejaj\Videos\git\movie-app\movie-backend\movie-service\target\classes started by tejaj in C:\Users\tejaj\Videos\git\movie-app\movie-backend\movie-service)
2024-05-25T06:47:02.799+05:30  INFO 21672 --- [movie-service] [           main] [                                                 ] c.c.m.MovieServiceApplication            : No active profile set, falling back to 1 default profile: "default"
2024-05-25T06:47:02.847+05:30  INFO 21672 --- [movie-service] [           main] [                                                 ] o.s.c.c.c.ConfigServerConfigDataLoader   : Fetching config from server at : http://localhost:8888/
2024-05-25T06:47:02.847+05:30  INFO 21672 --- [movie-service] [           main] [                                                 ] o.s.c.c.c.ConfigServerConfigDataLoader   : Located environment: name=movie-service, profiles=[default], label=null, version=e7d376071f0b96cb16cdc42ba05f422ec7ee5cdf, state=null
2024-05-25T06:47:03.985+05:30  INFO 21672 --- [movie-service] [           main] [                                                 ] o.s.cloud.context.scope.GenericScope     : BeanFactory id=541403b3-e532-3a73-ba46-fb9aa5451005
2024-05-25T06:47:04.229+05:30  WARN 21672 --- [movie-service] [           main] [                                                 ] trationDelegate$BeanPostProcessorChecker : Bean 'org.springframework.cloud.client.loadbalancer.LoadBalancerAutoConfiguration$DeferringLoadBalancerInterceptorConfig' of type [org.springframework.cloud.client.loadbalancer.LoadBalancerAutoConfiguration$DeferringLoadBalancerInterceptorConfig] is not eligible for getting processed by all BeanPostProcessors (for example: not eligible for auto-proxying). The currently created BeanPostProcessor [lbRestClientPostProcessor] is declared through a non-static factory method on that class; consider declaring it as static instead.
2024-05-25T06:47:04.244+05:30  WARN 21672 --- [movie-service] [           main] [                                                 ] trationDelegate$BeanPostProcessorChecker : Bean 'deferringLoadBalancerInterceptor' of type [org.springframework.cloud.client.loadbalancer.DeferringLoadBalancerInterceptor] is not eligible for getting processed by all BeanPostProcessors (for example: not eligible for auto-proxying). Is this bean getting eagerly injected into a currently created BeanPostProcessor [lbRestClientPostProcessor]? Check the corresponding BeanPostProcessor declaration and its dependencies.
2024-05-25T06:47:04.574+05:30  INFO 21672 --- [movie-service] [           main] [                                                 ] o.s.b.w.embedded.tomcat.TomcatWebServer  : Tomcat initialized with port 8081 (http)
2024-05-25T06:47:04.574+05:30  INFO 21672 --- [movie-service] [           main] [                                                 ] o.apache.catalina.core.StandardService   : Starting service [Tomcat]
2024-05-25T06:47:04.574+05:30  INFO 21672 --- [movie-service] [           main] [                                                 ] o.apache.catalina.core.StandardEngine    : Starting Servlet engine: [Apache Tomcat/10.1.19]
2024-05-25T06:47:04.653+05:30  INFO 21672 --- [movie-service] [           main] [                                                 ] o.a.c.c.C.[Tomcat].[localhost].[/]       : Initializing Spring embedded WebApplicationContext
2024-05-25T06:47:04.653+05:30  INFO 21672 --- [movie-service] [           main] [                                                 ] w.s.c.ServletWebServerApplicationContext : Root WebApplicationContext: initialization completed in 1806 ms
2024-05-25T06:47:05.143+05:30  INFO 21672 --- [movie-service] [           main] [                                                 ] c.c.movieservice.aspects.LoggingAspect   : Method returned: org.springframework.web.client.RestTemplate@51cd2d2
2024-05-25T06:47:05.268+05:30  INFO 21672 --- [movie-service] [           main] [                                                 ] c.c.movieservice.aspects.LoggingAspect   : Method returned: io.micrometer.observation.aop.ObservedAspect@6a299b9d
2024-05-25T06:47:05.442+05:30  INFO 21672 --- [movie-service] [           main] [                                                 ] c.c.movieservice.aspects.LoggingAspect   : Method returned: null
2024-05-25T06:47:06.466+05:30  INFO 21672 --- [movie-service] [           main] [                                                 ] DiscoveryClientOptionalArgsConfiguration : Eureka HTTP Client uses RestTemplate.
2024-05-25T06:47:06.515+05:30  WARN 21672 --- [movie-service] [           main] [                                                 ] iguration$LoadBalancerCaffeineWarnLogger : Spring Cloud LoadBalancer is currently working with the default cache. While this cache implementation is useful for development and tests, it's recommended to use Caffeine cache in production.You can switch to using Caffeine cache, by adding it and org.springframework.cache.caffeine.CaffeineCacheManager to the classpath.
2024-05-25T06:47:06.531+05:30  INFO 21672 --- [movie-service] [           main] [                                                 ] o.s.b.a.e.web.EndpointLinksResolver      : Exposing 24 endpoint(s) beneath base path '/actuator'
2024-05-25T06:47:06.593+05:30  INFO 21672 --- [movie-service] [           main] [                                                 ] o.s.c.n.eureka.InstanceInfoFactory       : Setting initial instance status as: STARTING
2024-05-25T06:47:06.673+05:30  INFO 21672 --- [movie-service] [           main] [                                                 ] com.netflix.discovery.DiscoveryClient    : Initializing Eureka in region us-east-1
2024-05-25T06:47:06.674+05:30  INFO 21672 --- [movie-service] [           main] [                                                 ] c.n.d.s.r.aws.ConfigClusterResolver      : Resolving eureka endpoints via configuration
2024-05-25T06:47:06.688+05:30  INFO 21672 --- [movie-service] [           main] [                                                 ] com.netflix.discovery.DiscoveryClient    : Disable delta property : false
2024-05-25T06:47:06.688+05:30  INFO 21672 --- [movie-service] [           main] [                                                 ] com.netflix.discovery.DiscoveryClient    : Single vip registry refresh property : null
2024-05-25T06:47:06.688+05:30  INFO 21672 --- [movie-service] [           main] [                                                 ] com.netflix.discovery.DiscoveryClient    : Force full registry fetch : false
2024-05-25T06:47:06.688+05:30  INFO 21672 --- [movie-service] [           main] [                                                 ] com.netflix.discovery.DiscoveryClient    : Application is null : false
2024-05-25T06:47:06.688+05:30  INFO 21672 --- [movie-service] [           main] [                                                 ] com.netflix.discovery.DiscoveryClient    : Registered Applications size is zero : true
2024-05-25T06:47:06.688+05:30  INFO 21672 --- [movie-service] [           main] [                                                 ] com.netflix.discovery.DiscoveryClient    : Application version is -1: true
2024-05-25T06:47:06.688+05:30  INFO 21672 --- [movie-service] [           main] [                                                 ] com.netflix.discovery.DiscoveryClient    : Getting all instance registry info from the eureka server
2024-05-25T06:47:06.786+05:30  INFO 21672 --- [movie-service] [           main] [                                                 ] com.netflix.discovery.DiscoveryClient    : The response status is 200
2024-05-25T06:47:06.786+05:30  INFO 21672 --- [movie-service] [           main] [                                                 ] com.netflix.discovery.DiscoveryClient    : Starting heartbeat executor: renew interval is: 30
2024-05-25T06:47:06.786+05:30  INFO 21672 --- [movie-service] [           main] [                                                 ] c.n.discovery.InstanceInfoReplicator     : InstanceInfoReplicator onDemand update allowed rate per min is 4
2024-05-25T06:47:06.786+05:30  INFO 21672 --- [movie-service] [           main] [                                                 ] com.netflix.discovery.DiscoveryClient    : Discovery Client initialized at timestamp 1716599826786 with initial instances count: 2
2024-05-25T06:47:06.799+05:30  INFO 21672 --- [movie-service] [           main] [                                                 ] o.s.c.n.e.s.EurekaServiceRegistry        : Registering application MOVIE-SERVICE with eureka with status UP
2024-05-25T06:47:06.799+05:30  INFO 21672 --- [movie-service] [           main] [                                                 ] com.netflix.discovery.DiscoveryClient    : Saw local status change event StatusChangeEvent [timestamp=1716599826799, current=UP, previous=STARTING]
2024-05-25T06:47:06.799+05:30  INFO 21672 --- [movie-service] [nfoReplicator-0] [                                                 ] com.netflix.discovery.DiscoveryClient    : DiscoveryClient_MOVIE-SERVICE/KJagadeep:movie-service:8081: registering service...
2024-05-25T06:47:06.818+05:30  INFO 21672 --- [movie-service] [           main] [                                                 ] o.s.b.w.embedded.tomcat.TomcatWebServer  : Tomcat started on port 8081 (http) with context path ''
2024-05-25T06:47:06.818+05:30  INFO 21672 --- [movie-service] [           main] [                                                 ] .s.c.n.e.s.EurekaAutoServiceRegistration : Updating port to 8081
2024-05-25T06:47:06.855+05:30  INFO 21672 --- [movie-service] [           main] [                                                 ] c.c.m.MovieServiceApplication            : Started MovieServiceApplication in 5.779 seconds (process running for 6.076)
2024-05-25T06:47:06.872+05:30  INFO 21672 --- [movie-service] [nfoReplicator-0] [                                                 ] com.netflix.discovery.DiscoveryClient    : DiscoveryClient_MOVIE-SERVICE/KJagadeep:movie-service:8081 - registration status: 204
2024-05-25T06:48:16.427+05:30  INFO 21672 --- [movie-service] [nio-8081-exec-1] [                                                 ] o.a.c.c.C.[Tomcat].[localhost].[/]       : Initializing Spring DispatcherServlet 'dispatcherServlet'
2024-05-25T06:48:16.427+05:30  INFO 21672 --- [movie-service] [nio-8081-exec-1] [                                                 ] o.s.web.servlet.DispatcherServlet        : Initializing Servlet 'dispatcherServlet'
2024-05-25T06:48:16.443+05:30  INFO 21672 --- [movie-service] [nio-8081-exec-1] [                                                 ] o.s.web.servlet.DispatcherServlet        : Completed initialization in 16 ms
2024-05-25T06:48:16.443+05:30  INFO 21672 --- [movie-service] [nio-8081-exec-1] [                                                 ] c.c.movieservice.aspects.LoggingAspect   : Method returned: false
2024-05-25T06:48:16.962+05:30  INFO 21672 --- [movie-service] [nio-8081-exec-1] [66513c58231b55e66a7d9f9547ce5359-6a7d9f9547ce5359] o.springdoc.api.AbstractOpenApiResource  : Init duration for springdoc-openapi is: 439 ms
[INFO] ------------------------------------------------------------------------
[INFO] BUILD FAILURE
[INFO] ------------------------------------------------------------------------
[INFO] Total time:  02:23 min
[INFO] Finished at: 2024-05-25T06:49:23+05:30
[INFO] ------------------------------------------------------------------------
[ERROR] Failed to execute goal org.springframework.boot:spring-boot-maven-plugin:3.2.4:run (default-cli) on project movie-service: Process terminated with exit code: 1 -> [Help 1]
[ERROR] 
[ERROR] To see the full stack trace of the errors, re-run Maven with the -e switch.
[ERROR] Re-run Maven using the -X switch to enable full debug logging.
[ERROR] 
[ERROR] For more information about the errors and possible solutions, please read the following articles:
[ERROR] [Help 1] http://cwiki.apache.org/confluence/display/MAVEN/MojoExecutionException
